<?xml version="1.0" encoding="UTF-8"?>
<!-- Generated by org.testng.reporters.JUnitXMLReporter -->
<testsuite hostname="DESKTOP-K242S0S" ignored="0" name="Free CRM Application testcases" tests="7" failures="0" timestamp="24 Aug 2019 12:34:32 GMT" time="240.832" errors="0">
  <testcase name="LoginPageTitleTest" time="0.035" classname="com.crm.qa.testcases.LoginPageTest"/>
  <testcase name="verifyHomePageTitleTest" time="0.042" classname="com.crm.qa.testcases.HomePageTest"/>
  <testcase name="verifyContactsLabelTest" time="0.203" classname="com.crm.qa.testcases.ContactsPageTest"/>
  <testcase name="CRMLogoImageTest" time="0.102" classname="com.crm.qa.testcases.LoginPageTest"/>
  <testcase name="verifyUserNameTest" time="0.209" classname="com.crm.qa.testcases.HomePageTest"/>
  <testcase name="loginTest" time="27.357" classname="com.crm.qa.testcases.LoginPageTest"/>
  <testcase name="verifyContactsLinkTest" time="2.426" classname="com.crm.qa.testcases.HomePageTest"/>
</testsuite> <!-- Free CRM Application testcases -->
