<?xml version="1.0" encoding="UTF-8"?>
<testng-results skipped="0" failed="0" ignored="0" total="1" passed="1">
  <reporter-output>
  </reporter-output>
  <suite name="Default suite" duration-ms="38208" started-at="2019-08-23T19:19:02Z" finished-at="2019-08-23T19:19:40Z">
    <groups>
    </groups>
    <test name="Default test" duration-ms="38208" started-at="2019-08-23T19:19:02Z" finished-at="2019-08-23T19:19:40Z">
      <class name="com.crm.qa.testcases.HomePageTest">
        <test-method status="PASS" signature="setUp()[pri:0, instance:com.crm.qa.testcases.HomePageTest@39c0f4a]" name="setUp" is-config="true" duration-ms="37471" started-at="2019-08-23T21:19:02Z" finished-at="2019-08-23T21:19:39Z">
          <reporter-output>
          </reporter-output>
        </test-method> <!-- setUp -->
        <test-method status="PASS" signature="verifyHomePageTitleTest()[pri:0, instance:com.crm.qa.testcases.HomePageTest@39c0f4a]" name="verifyHomePageTitleTest" duration-ms="17" started-at="2019-08-23T21:19:39Z" finished-at="2019-08-23T21:19:39Z">
          <reporter-output>
          </reporter-output>
        </test-method> <!-- verifyHomePageTitleTest -->
        <test-method status="PASS" signature="tearDown()[pri:0, instance:com.crm.qa.testcases.HomePageTest@39c0f4a]" name="tearDown" is-config="true" duration-ms="702" started-at="2019-08-23T21:19:39Z" finished-at="2019-08-23T21:19:40Z">
          <reporter-output>
          </reporter-output>
        </test-method> <!-- tearDown -->
      </class> <!-- com.crm.qa.testcases.HomePageTest -->
    </test> <!-- Default test -->
  </suite> <!-- Default suite -->
</testng-results>
